SF:lib\counter.dart
DA:3,3
DA:4,3
DA:5,3
DA:8,6
DA:10,3
DA:11,15
DA:14,2
DA:15,6
DA:18,2
DA:19,2
DA:20,2
LF:11
LH:11
end_of_record
SF:lib\task_repo.dart
DA:5,1
DA:7,1
DA:8,2
DA:9,1
DA:11,2
DA:13,1
DA:15,1
LF:7
LH:7
end_of_record
SF:lib\main.dart
DA:4,0
DA:5,0
DA:9,4
DA:11,2
DA:13,2
DA:15,2
DA:16,2
DA:24,2
DA:28,2
DA:29,2
DA:35,2
DA:37,2
DA:38,4
DA:41,2
DA:42,4
DA:43,4
DA:47,1
DA:48,2
DA:49,2
DA:53,1
DA:54,2
DA:55,2
DA:59,2
DA:61,2
DA:62,2
DA:63,6
DA:65,2
DA:66,2
DA:68,2
DA:72,2
DA:73,6
DA:75,2
DA:77,2
DA:78,2
DA:79,2
DA:83,2
DA:84,2
DA:88,2
DA:89,2
LF:39
LH:37
end_of_record
